<?xml version="1.0" encoding="UTF-8"?>
<!-- Generated by org.testng.reporters.JUnitReportReporter -->
<testsuite hostname="DESKTOP-KF67JSQ" failures="0" tests="1" name="com.inetbanking.testcases.TC_LoginTest" time="3.141" errors="0" timestamp="2021-03-18T19:20:39 PDT" skipped="0">
  <testcase classname="com.inetbanking.testcases.TC_LoginTest" name="loginTest" time="3.141"/>
  <system-out/>
</testsuite> <!-- com.inetbanking.testcases.TC_LoginTest -->
